\BOOKMARK [1][-]{section.1}{Introduction}{}% 1
\BOOKMARK [1][-]{section.2}{Caract\351risation mat\351riaux}{}% 2
\BOOKMARK [2][-]{subsection.2.1}{Substrat}{section.2}% 3
\BOOKMARK [2][-]{subsection.2.2}{Oxyde de champs}{section.2}% 4
\BOOKMARK [2][-]{subsection.2.3}{Diode}{section.2}% 5
\BOOKMARK [2][-]{subsection.2.4}{Aluminium}{section.2}% 6
\BOOKMARK [1][-]{section.3}{Fiche Proc\351d\351s}{}% 7
\BOOKMARK [2][-]{subsection.3.1}{\311tude oxyde de champ}{section.3}% 8
\BOOKMARK [2][-]{subsection.3.2}{Nettoyage chimique}{section.3}% 9
\BOOKMARK [3][-]{subsubsection.3.2.1}{\311tapes du proc\351d\351}{subsection.3.2}% 10
\BOOKMARK [3][-]{subsubsection.3.2.2}{R\364le de chaque \351tape}{subsection.3.2}% 11
\BOOKMARK [2][-]{subsection.3.3}{Diode \205 r\351alisation de la jonction}{section.3}% 12
\BOOKMARK [2][-]{subsection.3.4}{D\351p\364t des contacts m\351talliques}{section.3}% 13
\BOOKMARK [3][-]{subsubsection.3.4.1}{Description de la technique de d\351p\364t}{subsection.3.4}% 14
\BOOKMARK [3][-]{subsubsection.3.4.2}{Param\350tres de d\351p\364ts}{subsection.3.4}% 15
\BOOKMARK [3][-]{subsubsection.3.4.3}{Epaisseur attendue}{subsection.3.4}% 16
\BOOKMARK [2][-]{subsection.3.5}{Photolithogravure}{section.3}% 17
\BOOKMARK [3][-]{subsubsection.3.5.1}{Mesures}{subsection.3.5}% 18
\BOOKMARK [3][-]{subsubsection.3.5.2}{Donn\351es exp\351rimentales}{subsection.3.5}% 19
\BOOKMARK [3][-]{subsubsection.3.5.3}{Gravure aluminium}{subsection.3.5}% 20
\BOOKMARK [3][-]{subsubsection.3.5.4}{M\351thode du retrait de r\351sine}{subsection.3.5}% 21
\BOOKMARK [2][-]{subsection.3.6}{Nettoyage face arri\350re}{section.3}% 22
\BOOKMARK [3][-]{subsubsection.3.6.1}{Raison de r\351alisation}{subsection.3.6}% 23
\BOOKMARK [3][-]{subsubsection.3.6.2}{M\351thode de mise en place}{subsection.3.6}% 24
\BOOKMARK [1][-]{section.4}{Fiche Mesures}{}% 25
\BOOKMARK [2][-]{subsection.4.1}{Ellipsom\351trie}{section.4}% 26
\BOOKMARK [3][-]{subsubsection.4.1.1}{Description de la technique }{subsection.4.1}% 27
\BOOKMARK [3][-]{subsubsection.4.1.2}{Mesure de l'\351paisseur d'oxyde de champs}{subsection.4.1}% 28
\BOOKMARK [2][-]{subsection.4.2}{Profilom\351trie}{section.4}% 29
\BOOKMARK [3][-]{subsubsection.4.2.1}{Description de la m\351thode}{subsection.4.2}% 30
\BOOKMARK [3][-]{subsubsection.4.2.2}{Mesure de l'\351paisseur d'oxyde de champs}{subsection.4.2}% 31
\BOOKMARK [3][-]{subsubsection.4.2.3}{Mesure de l'\351paisseur d'aluminium}{subsection.4.2}% 32
\BOOKMARK [2][-]{subsection.4.3}{Mesure de r\351sistivit\351 \205 4 pointes align\351es}{section.4}% 33
\BOOKMARK [3][-]{subsubsection.4.3.1}{Description de la m\351thode}{subsection.4.3}% 34
\BOOKMARK [2][-]{subsection.4.4}{Mesure de r\351sistivit\351 \205 m\351thode inductive}{section.4}% 35
\BOOKMARK [3][-]{subsubsection.4.4.1}{M\351thodologie }{subsection.4.4}% 36
\BOOKMARK [3][-]{subsubsection.4.4.2}{Substrat}{subsection.4.4}% 37
\BOOKMARK [3][-]{subsubsection.4.4.3}{ Aluminium}{subsection.4.4}% 38
\BOOKMARK [1][-]{section.5}{Conclusion}{}% 39
